<?xml version="1.0" encoding="UTF-8" standalone="no"?>
<testsuite failures="0" name="cucumber.runtime.formatter.JUnitFormatter" skipped="0" tests="20" time="477.589482">
<testcase classname="Проверить пункт меню 'Автомобили'" name="Пользователь пореходит к ассортименту по пункту меню 'Автомобили'" time="31.646705">
<system-out><![CDATA[Given Переход на страницу...................................................passed
When Пользователь нажимает на пункт 'Автомобили'............................passed
Then Пользователь перешёл к ассортименту....................................passed
]]></system-out>
</testcase>
<testcase classname="Проверить пункт меню 'Автомобили'" name="Пользователь не пореходит к ассортименту по пункту меню 'Автомобили'" time="23.24776">
<system-out><![CDATA[Given Переход на страницу...................................................passed
When Пользователь нажимает на пункт 'Автомобили'............................passed
Then Пользователь не перешёл к ассортименту.................................passed
]]></system-out>
</testcase>
<testcase classname="Проверить кнопку у первой карточки" name="Пользователь переходит с карточки на форму заполнения данных" time="24.109689">
<system-out><![CDATA[Given Переход на страницу с автомобилем.....................................passed
When Пользователь нажимает на кнопку первой карточки........................passed
Then Пользователь перешёл к форме заполнения данных.........................passed
]]></system-out>
</testcase>
<testcase classname="Проверить кнопку у первой карточки" name="Пользователь не переходит с карточки на форму заполнения данных" time="24.681446">
<system-out><![CDATA[Given Переход на страницу с автомобилем.....................................passed
When Пользователь нажимает на кнопку первой карточки........................passed
Then Пользователь не перешёл к форме заполнения данных......................passed
]]></system-out>
</testcase>
<testcase classname="Проверить пункт меню 'Бронирование авто'" name="Пользователь переходит к форме отправки данных" time="22.390397">
<system-out><![CDATA[Given Пользователь находит пункт 'Бронирование авто' в меню.................passed
When Пользователь нажимает на пункт 'Бронирование авто'.....................passed
Then Пользователь перешёл к форме отправки данных...........................passed
]]></system-out>
</testcase>
<testcase classname="Проверить пункт меню 'Бронирование авто'" name="Пользователь не переходит к форме отправки данных" time="21.09142">
<system-out><![CDATA[Given Пользователь находит пункт 'Бронирование авто' в меню.................passed
When Пользователь нажимает на пункт 'Бронирование авто'.....................passed
Then Пользователь не перешёл к форме отправки данных........................passed
]]></system-out>
</testcase>
<testcase classname="Проверить кнопку у четвёртую карточки" name="Пользователь переходит с карточки на форму заполнения данных" time="23.297347">
<system-out><![CDATA[Given Переход на страницу с автомобилем.....................................passed
When Пользователь нажимает на кнопку четвёртую карточки.....................passed
Then Пользователь перешёл к форме заполнения данных.........................passed
]]></system-out>
</testcase>
<testcase classname="Проверить кнопку у четвёртую карточки" name="Пользователь не переходит с карточки на форму заполнения данных" time="20.61762">
<system-out><![CDATA[Given Переход на страницу с автомобилем.....................................passed
When Пользователь нажимает на кнопку четвёртую карточки.....................passed
Then Пользователь не перешёл к форме заполнения данных......................passed
]]></system-out>
</testcase>
<testcase classname="Перейти к главному экрану через меню" name="Пользователь переходит к главному экрану" time="23.702723">
<system-out><![CDATA[Given Пользователь находит пункт 'Главная' в меню...........................passed
When Пользователь нажимает на пункт 'Главная'...............................passed
Then Пользователь перешёл к главному экрану.................................passed
]]></system-out>
</testcase>
<testcase classname="Перейти к главному экрану через меню" name="Пользователь не переходит к главному экрану" time="21.395543">
<system-out><![CDATA[Given Пользователь находит пункт 'Главная' в меню...........................passed
When Пользователь нажимает на пункт 'Главная'...............................passed
Then Пользователь не перешёл к главному экрану..............................passed
]]></system-out>
</testcase>
<testcase classname="Проверить кнопку у второй карточки" name="Пользователь переходит с карточки на форму заполнения данных" time="22.809103">
<system-out><![CDATA[Given Переход на страницу с автомобилем.....................................passed
When Пользователь нажимает на кнопку второй карточки........................passed
Then Пользователь перешёл к форме заполнения данных.........................passed
]]></system-out>
</testcase>
<testcase classname="Проверить кнопку у второй карточки" name="Пользователь не переходит с карточки на форму заполнения данных" time="23.460299">
<system-out><![CDATA[Given Переход на страницу с автомобилем.....................................passed
When Пользователь нажимает на кнопку второй карточки........................passed
Then Пользователь не перешёл к форме заполнения данных......................passed
]]></system-out>
</testcase>
<testcase classname="Проверить кнопку у третей карточки" name="Пользователь переходит с карточки на форму заполнения данных" time="23.894085">
<system-out><![CDATA[Given Переход на страницу с автомобилем.....................................passed
When Пользователь нажимает на кнопку третей карточки........................passed
Then Пользователь перешёл к форме заполнения данных.........................passed
]]></system-out>
</testcase>
<testcase classname="Проверить кнопку у третей карточки" name="Пользователь не переходит с карточки на форму заполнения данных" time="24.182992">
<system-out><![CDATA[Given Переход на страницу с автомобилем.....................................passed
When Пользователь нажимает на кнопку третей карточки........................passed
Then Пользователь не перешёл к форме заполнения данных......................passed
]]></system-out>
</testcase>
<testcase classname="Нахождение формы связи" name="Пользователь ищет форму связи" time="21.682455">
<system-out><![CDATA[Given Пользователь переходит на основную страницу...........................passed
When Пользователь скроллит вниз.............................................passed
Then Пользователь нашёл форму...............................................passed
]]></system-out>
</testcase>
<testcase classname="Нахождение формы связи" name="Пользователь не ищет форму связи" time="24.968153">
<system-out><![CDATA[Given Пользователь переходит на основную страницу...........................passed
When Пользователь скроллит вниз.............................................passed
Then Пользователь не нашёл форму............................................passed
]]></system-out>
</testcase>
<testcase classname="Перейти к ассортименту автомобилей" name="Пользователь переходит к ассортимету" time="24.977342">
<system-out><![CDATA[Given Переход на страницу...................................................passed
When Пользователь нажал на начачальную кнопку...............................passed
Then Пользователь перешёл к ассортименту....................................passed
]]></system-out>
</testcase>
<testcase classname="Перейти к ассортименту автомобилей" name="Пользователь не преходит к ассотрименту" time="28.564576">
<system-out><![CDATA[Given Переход на страницу...................................................passed
When Пользователь нажал на начачальную кнопку...............................passed
Then Пользователь не перешёл к ассортименту.................................passed
]]></system-out>
</testcase>
<testcase classname="Отправка данных с формы" name="Пользователь отправляет данные с формы" time="23.849284">
<system-out><![CDATA[Given Пользователь находит форму............................................passed
When Пользователь вводит данные.............................................passed
Then Пользователь отправляет данные.........................................passed
]]></system-out>
</testcase>
<testcase classname="Отправка данных с формы" name="Пользователь не может отправить данные" time="23.020543">
<system-out><![CDATA[Given Пользователь находит форму............................................passed
When Пользователь вводит данные.............................................passed
Then Пользователь не отправляет данные......................................passed
]]></system-out>
</testcase>
</testsuite>
