<?xml version="1.0" encoding="UTF-8" standalone="no"?>
<testsuite failures="0" name="cucumber.runtime.formatter.JUnitFormatter" skipped="0" tests="6" time="80.598008">
<testcase classname="Нахождение формы связи" name="Пользователь ищет форму связи" time="21.183902">
<system-out><![CDATA[Given Пользователь переходит на основную страницу...........................passed
When Пользователь скроллит вниз.............................................passed
Then Пользователь нашёл форму...............................................passed
]]></system-out>
</testcase>
<testcase classname="Нахождение формы связи" name="Пользователь ищет форму связи 2" time="11.950101">
<system-out><![CDATA[Given Пользователь переходит на основную страницу...........................passed
When Пользователь скроллит вниз.............................................passed
Then Пользователь не нашёл форму............................................passed
]]></system-out>
</testcase>
<testcase classname="Перейти к ассортименту автомобилей" name="Пользователь переходит к ассортимету" time="11.856369">
<system-out><![CDATA[Given Переход на страницу...................................................passed
When Пользователь нажал на начачальную кнопку...............................passed
Then Пользователь перешёл к ассортименту....................................passed
]]></system-out>
</testcase>
<testcase classname="Перейти к ассортименту автомобилей" name="Пользователь не преходит к ассотрименту" time="9.857521">
<system-out><![CDATA[Given Переход на страницу...................................................passed
When Пользователь нажал на начачальную кнопку...............................passed
Then Пользователь перешёл к ассортименту....................................passed
]]></system-out>
</testcase>
<testcase classname="Отправка данных с формы" name="Пользователь отправляет данные с формы" time="12.859225">
<system-out><![CDATA[Given Пользователь находит форму............................................passed
When Пользователь вводит данные.............................................passed
Then Пользователь отправляет данные.........................................passed
]]></system-out>
</testcase>
<testcase classname="Отправка данных с формы" name="Пользователь не может отправить данные" time="12.89089">
<system-out><![CDATA[Given Пользователь находит форму............................................passed
When Пользователь вводит данные.............................................passed
Then Пользователь не отправляет данные......................................passed
]]></system-out>
</testcase>
</testsuite>
